<?xml version="1.0" encoding="UTF-8"?>
<testng-results ignored="0" total="2" passed="2" failed="0" skipped="0">
  <reporter-output>
  </reporter-output>
  <suite started-at="2022-05-27T13:00:51 GMT-04:00" name="Default suite" finished-at="2022-05-27T13:01:24 GMT-04:00" duration-ms="33287">
    <groups>
    </groups>
    <test started-at="2022-05-27T13:00:51 GMT-04:00" name="Default test" finished-at="2022-05-27T13:01:24 GMT-04:00" duration-ms="33287">
      <class name="testngProgarmPackage.CoursesPage">
        <test-method is-config="true" signature="setUp()[pri:0, instance:testngProgarmPackage.CoursesPage@793be5ca]" started-at="2022-05-27T13:00:51 GMT-04:00" name="setUp" finished-at="2022-05-27T13:01:09 GMT-04:00" duration-ms="18213" status="PASS">
          <reporter-output>
          </reporter-output>
        </test-method> <!-- setUp -->
        <test-method signature="allCourses()[pri:1, instance:testngProgarmPackage.CoursesPage@793be5ca]" started-at="2022-05-27T13:01:09 GMT-04:00" name="allCourses" finished-at="2022-05-27T13:01:09 GMT-04:00" duration-ms="114" status="PASS">
          <reporter-output>
          </reporter-output>
        </test-method> <!-- allCourses -->
        <test-method signature="selectCourses()[pri:2, instance:testngProgarmPackage.CoursesPage@793be5ca]" started-at="2022-05-27T13:01:09 GMT-04:00" name="selectCourses" finished-at="2022-05-27T13:01:24 GMT-04:00" duration-ms="14887" status="PASS">
          <reporter-output>
          </reporter-output>
        </test-method> <!-- selectCourses -->
        <test-method is-config="true" signature="tearDown()[pri:0, instance:testngProgarmPackage.CoursesPage@793be5ca]" started-at="2022-05-27T13:01:24 GMT-04:00" name="tearDown" finished-at="2022-05-27T13:01:24 GMT-04:00" duration-ms="0" status="PASS">
          <reporter-output>
          </reporter-output>
        </test-method> <!-- tearDown -->
      </class> <!-- testngProgarmPackage.CoursesPage -->
    </test> <!-- Default test -->
  </suite> <!-- Default suite -->
</testng-results>
